2023-08-12T00:25:07.868+05:30  INFO 11028 --- [restartedMain] c.b.BookStore.BookStoreApplication       : Starting BookStoreApplication using Java 19.0.2 with PID 11028 (F:\BookStore\target\classes started by root in F:\BookStore)
2023-08-12T00:25:07.916+05:30 DEBUG 11028 --- [restartedMain] c.b.BookStore.BookStoreApplication       : Running with Spring Boot v3.1.2, Spring v6.0.11
2023-08-12T00:25:07.921+05:30  INFO 11028 --- [restartedMain] c.b.BookStore.BookStoreApplication       : No active profile set, falling back to 1 default profile: "default"
2023-08-12T00:25:26.009+05:30  WARN 11028 --- [restartedMain] JpaBaseConfiguration$JpaWebConfiguration : spring.jpa.open-in-view is enabled by default. Therefore, database queries may be performed during view rendering. Explicitly configure spring.jpa.open-in-view to disable this warning
2023-08-12T00:25:26.929+05:30  WARN 11028 --- [restartedMain] ion$DefaultTemplateResolverConfiguration : Cannot find template location: classpath:/templates/ (please add some templates, check your Thymeleaf configuration, or set spring.thymeleaf.check-template-location=false)
2023-08-12T00:25:27.596+05:30  INFO 11028 --- [restartedMain] c.b.BookStore.BookStoreApplication       : Started BookStoreApplication in 21.201 seconds (process running for 23.03)
2023-08-12T00:28:08.104+05:30  WARN 11028 --- [http-nio-8089-exec-1] .w.s.m.s.DefaultHandlerExceptionResolver : Resolved [org.springframework.http.converter.HttpMessageNotReadableException: JSON parse error: Cannot deserialize value of type `java.time.LocalDate` from String "12/MAY/2023": Failed to deserialize java.time.LocalDate: (java.time.format.DateTimeParseException) Text '12/MAY/2023' could not be parsed at index 3]
2023-08-12T00:28:26.299+05:30  WARN 11028 --- [http-nio-8089-exec-4] .w.s.m.s.DefaultHandlerExceptionResolver : Resolved [org.springframework.http.converter.HttpMessageNotReadableException: JSON parse error: Cannot deserialize value of type `java.time.LocalDate` from String "12/May/2023": Failed to deserialize java.time.LocalDate: (java.time.format.DateTimeParseException) Text '12/May/2023' could not be parsed: Unable to obtain LocalDate from TemporalAccessor: {MonthOfYear=5, WeekBasedYear[WeekFields[SUNDAY,1]]=2023, DayOfYear=12},ISO of type java.time.format.Parsed]
2023-08-12T00:28:35.277+05:30  WARN 11028 --- [http-nio-8089-exec-5] .w.s.m.s.DefaultHandlerExceptionResolver : Resolved [org.springframework.http.converter.HttpMessageNotReadableException: JSON parse error: Cannot deserialize value of type `java.time.LocalDate` from String "12/may/2023": Failed to deserialize java.time.LocalDate: (java.time.format.DateTimeParseException) Text '12/may/2023' could not be parsed at index 3]
2023-08-12T00:34:53.137+05:30  INFO 15236 --- [restartedMain] c.b.BookStore.BookStoreApplication       : Starting BookStoreApplication using Java 19.0.2 with PID 15236 (F:\BookStore\target\classes started by root in F:\BookStore)
2023-08-12T00:34:53.140+05:30 DEBUG 15236 --- [restartedMain] c.b.BookStore.BookStoreApplication       : Running with Spring Boot v3.1.2, Spring v6.0.11
2023-08-12T00:34:53.147+05:30  INFO 15236 --- [restartedMain] c.b.BookStore.BookStoreApplication       : No active profile set, falling back to 1 default profile: "default"
2023-08-12T00:35:04.315+05:30  WARN 15236 --- [restartedMain] JpaBaseConfiguration$JpaWebConfiguration : spring.jpa.open-in-view is enabled by default. Therefore, database queries may be performed during view rendering. Explicitly configure spring.jpa.open-in-view to disable this warning
2023-08-12T00:35:04.903+05:30  WARN 15236 --- [restartedMain] ion$DefaultTemplateResolverConfiguration : Cannot find template location: classpath:/templates/ (please add some templates, check your Thymeleaf configuration, or set spring.thymeleaf.check-template-location=false)
2023-08-12T00:35:05.152+05:30  INFO 15236 --- [restartedMain] c.b.BookStore.BookStoreApplication       : Started BookStoreApplication in 13.367 seconds (process running for 15.825)
2023-08-12T00:39:14.227+05:30  INFO 19140 --- [restartedMain] c.b.BookStore.BookStoreApplication       : Starting BookStoreApplication using Java 19.0.2 with PID 19140 (F:\BookStore\target\classes started by root in F:\BookStore)
2023-08-12T00:39:14.231+05:30 DEBUG 19140 --- [restartedMain] c.b.BookStore.BookStoreApplication       : Running with Spring Boot v3.1.2, Spring v6.0.11
2023-08-12T00:39:14.235+05:30  INFO 19140 --- [restartedMain] c.b.BookStore.BookStoreApplication       : No active profile set, falling back to 1 default profile: "default"
2023-08-12T00:39:26.259+05:30  WARN 19140 --- [restartedMain] JpaBaseConfiguration$JpaWebConfiguration : spring.jpa.open-in-view is enabled by default. Therefore, database queries may be performed during view rendering. Explicitly configure spring.jpa.open-in-view to disable this warning
2023-08-12T00:39:26.999+05:30  WARN 19140 --- [restartedMain] ion$DefaultTemplateResolverConfiguration : Cannot find template location: classpath:/templates/ (please add some templates, check your Thymeleaf configuration, or set spring.thymeleaf.check-template-location=false)
2023-08-12T00:39:27.506+05:30  INFO 19140 --- [restartedMain] c.b.BookStore.BookStoreApplication       : Started BookStoreApplication in 14.717 seconds (process running for 16.505)
2023-08-12T00:43:25.792+05:30  INFO 20168 --- [restartedMain] c.b.BookStore.BookStoreApplication       : Starting BookStoreApplication using Java 19.0.2 with PID 20168 (F:\BookStore\target\classes started by root in F:\BookStore)
2023-08-12T00:43:25.796+05:30 DEBUG 20168 --- [restartedMain] c.b.BookStore.BookStoreApplication       : Running with Spring Boot v3.1.2, Spring v6.0.11
2023-08-12T00:43:25.803+05:30  INFO 20168 --- [restartedMain] c.b.BookStore.BookStoreApplication       : No active profile set, falling back to 1 default profile: "default"
2023-08-12T00:43:47.082+05:30  WARN 20168 --- [restartedMain] JpaBaseConfiguration$JpaWebConfiguration : spring.jpa.open-in-view is enabled by default. Therefore, database queries may be performed during view rendering. Explicitly configure spring.jpa.open-in-view to disable this warning
2023-08-12T00:43:48.081+05:30  WARN 20168 --- [restartedMain] ion$DefaultTemplateResolverConfiguration : Cannot find template location: classpath:/templates/ (please add some templates, check your Thymeleaf configuration, or set spring.thymeleaf.check-template-location=false)
2023-08-12T00:43:48.656+05:30  INFO 20168 --- [restartedMain] c.b.BookStore.BookStoreApplication       : Started BookStoreApplication in 24.382 seconds (process running for 26.271)
2023-08-12T00:47:22.402+05:30  INFO 12120 --- [restartedMain] c.b.BookStore.BookStoreApplication       : Starting BookStoreApplication using Java 19.0.2 with PID 12120 (F:\BookStore\target\classes started by root in F:\BookStore)
2023-08-12T00:47:22.406+05:30 DEBUG 12120 --- [restartedMain] c.b.BookStore.BookStoreApplication       : Running with Spring Boot v3.1.2, Spring v6.0.11
2023-08-12T00:47:22.409+05:30  INFO 12120 --- [restartedMain] c.b.BookStore.BookStoreApplication       : No active profile set, falling back to 1 default profile: "default"
2023-08-12T00:47:34.541+05:30  WARN 12120 --- [restartedMain] JpaBaseConfiguration$JpaWebConfiguration : spring.jpa.open-in-view is enabled by default. Therefore, database queries may be performed during view rendering. Explicitly configure spring.jpa.open-in-view to disable this warning
2023-08-12T00:47:35.323+05:30  WARN 12120 --- [restartedMain] ion$DefaultTemplateResolverConfiguration : Cannot find template location: classpath:/templates/ (please add some templates, check your Thymeleaf configuration, or set spring.thymeleaf.check-template-location=false)
2023-08-12T00:47:35.772+05:30  INFO 12120 --- [restartedMain] c.b.BookStore.BookStoreApplication       : Started BookStoreApplication in 14.67 seconds (process running for 16.194)
2023-08-12T00:54:13.658+05:30  INFO 13136 --- [restartedMain] c.b.BookStore.BookStoreApplication       : Starting BookStoreApplication using Java 19.0.2 with PID 13136 (F:\BookStore\target\classes started by root in F:\BookStore)
2023-08-12T00:54:13.662+05:30 DEBUG 13136 --- [restartedMain] c.b.BookStore.BookStoreApplication       : Running with Spring Boot v3.1.2, Spring v6.0.11
2023-08-12T00:54:13.665+05:30  INFO 13136 --- [restartedMain] c.b.BookStore.BookStoreApplication       : No active profile set, falling back to 1 default profile: "default"
2023-08-12T00:54:26.429+05:30  WARN 13136 --- [restartedMain] JpaBaseConfiguration$JpaWebConfiguration : spring.jpa.open-in-view is enabled by default. Therefore, database queries may be performed during view rendering. Explicitly configure spring.jpa.open-in-view to disable this warning
2023-08-12T00:54:27.312+05:30  WARN 13136 --- [restartedMain] ion$DefaultTemplateResolverConfiguration : Cannot find template location: classpath:/templates/ (please add some templates, check your Thymeleaf configuration, or set spring.thymeleaf.check-template-location=false)
2023-08-12T00:54:27.623+05:30  INFO 13136 --- [restartedMain] c.b.BookStore.BookStoreApplication       : Started BookStoreApplication in 15.687 seconds (process running for 18.445)
2023-08-12T01:08:24.299+05:30  INFO 17932 --- [restartedMain] c.b.BookStore.BookStoreApplication       : Starting BookStoreApplication using Java 19.0.2 with PID 17932 (F:\BookStore\target\classes started by root in F:\BookStore)
2023-08-12T01:08:24.306+05:30 DEBUG 17932 --- [restartedMain] c.b.BookStore.BookStoreApplication       : Running with Spring Boot v3.1.2, Spring v6.0.11
2023-08-12T01:08:24.309+05:30  INFO 17932 --- [restartedMain] c.b.BookStore.BookStoreApplication       : No active profile set, falling back to 1 default profile: "default"
2023-08-12T01:08:39.120+05:30  WARN 17932 --- [restartedMain] JpaBaseConfiguration$JpaWebConfiguration : spring.jpa.open-in-view is enabled by default. Therefore, database queries may be performed during view rendering. Explicitly configure spring.jpa.open-in-view to disable this warning
2023-08-12T01:08:40.049+05:30  WARN 17932 --- [restartedMain] ion$DefaultTemplateResolverConfiguration : Cannot find template location: classpath:/templates/ (please add some templates, check your Thymeleaf configuration, or set spring.thymeleaf.check-template-location=false)
2023-08-12T01:08:40.515+05:30  INFO 17932 --- [restartedMain] c.b.BookStore.BookStoreApplication       : Started BookStoreApplication in 18.225 seconds (process running for 21.006)
2023-08-12T01:09:01.798+05:30  WARN 17932 --- [http-nio-8089-exec-1] .m.m.a.ExceptionHandlerExceptionResolver : Resolved [java.lang.IllegalStateException: Invocation failure<EOL>Controller [com.bridgelabz.BookStore.controller.UserRegistrationController]<EOL>Method [public org.springframework.http.ResponseEntity<org.springframework.http.ResponseEntity<com.bridgelabz.BookStore.model.UserRegistration>> com.bridgelabz.BookStore.controller.UserRegistrationController.addUser(com.bridgelabz.BookStore.dto.UserDTO) throws com.bridgelabz.BookStore.exception.EmailAlreadyExistsException] with argument values:<EOL> [0] [type=com.bridgelabz.BookStore.dto.UserDTO] [value=UserDTO(firstName=Urvashi, lastName=Bisen, dob=2023-05-12, password=22222, email=basaabbhi2003@gmail.com)] ]
2023-08-12T01:10:03.508+05:30  WARN 17932 --- [http-nio-8089-exec-4] .m.m.a.ExceptionHandlerExceptionResolver : Resolved [java.lang.IllegalStateException: Invocation failure<EOL>Controller [com.bridgelabz.BookStore.controller.UserRegistrationController]<EOL>Method [public org.springframework.http.ResponseEntity<org.springframework.http.ResponseEntity<com.bridgelabz.BookStore.model.UserRegistration>> com.bridgelabz.BookStore.controller.UserRegistrationController.addUser(com.bridgelabz.BookStore.dto.UserDTO) throws com.bridgelabz.BookStore.exception.EmailAlreadyExistsException] with argument values:<EOL> [0] [type=com.bridgelabz.BookStore.dto.UserDTO] [value=UserDTO(firstName=Hitesh, lastName=thakur, dob=2023-05-12, password=22222, email=k.b.hanvat9298@gmail.com)] ]
